<?xml version="1.0" encoding="UTF-8"?>
<testng-results ignored="0" total="1" passed="1" failed="0" skipped="0">
  <reporter-output>
    <line>
      <![CDATA[Test mit 'chrome_headless' startet. (ThreadId: 1)]]>
    </line>
    <line>
      <![CDATA[Screenshot at C:\Users\danny\git\seleniumtests\seleniumtests\screenshots\screen1.jpg]]>
    </line>
    <line>
      <![CDATA[Test mit 'chrome_headless' beendet. (ThreadId: 1)]]>
    </line>
  </reporter-output>
  <suite started-at="2023-08-17T11:54:31 MESZ" name="Suite für Browser Chrome, Firefox, Edge" finished-at="2023-08-17T11:54:36 MESZ" duration-ms="5507">
    <groups>
    </groups>
    <test started-at="2023-08-17T11:54:31 MESZ" name="test mit chrome" finished-at="2023-08-17T11:54:36 MESZ" duration-ms="5507">
      <class name="com.inverso.dmy.test.OpenInverso">
        <test-method is-config="true" signature="test_vorbereitung(java.lang.String,java.lang.String)[pri:0, instance:com.inverso.dmy.test.OpenInverso@14fc5f04]" started-at="2023-08-17T11:54:31 MESZ" name="test_vorbereitung" finished-at="2023-08-17T11:54:35 MESZ" duration-ms="3912" status="PASS">
          <params>
            <param index="0">
              <value>
                <![CDATA[http://192.168.16.103:4444/wd/hub]]>
              </value>
            </param>
            <param index="1">
              <value>
                <![CDATA[chrome_headless]]>
              </value>
            </param>
          </params>
          <reporter-output>
            <line>
              <![CDATA[Test mit 'chrome_headless' startet. (ThreadId: 1)]]>
            </line>
          </reporter-output>
        </test-method> <!-- test_vorbereitung -->
        <test-method signature="test_method()[pri:0, instance:com.inverso.dmy.test.OpenInverso@14fc5f04]" started-at="2023-08-17T11:54:35 MESZ" name="test_method" finished-at="2023-08-17T11:54:36 MESZ" duration-ms="1519" status="PASS">
          <reporter-output>
            <line>
              <![CDATA[Screenshot at C:\Users\danny\git\seleniumtests\seleniumtests\screenshots\screen1.jpg]]>
            </line>
            <line>
              <![CDATA[Test mit 'chrome_headless' beendet. (ThreadId: 1)]]>
            </line>
          </reporter-output>
        </test-method> <!-- test_method -->
        <test-method is-config="true" signature="failure_setup(org.testng.ITestResult,java.lang.String)[pri:0, instance:com.inverso.dmy.test.OpenInverso@14fc5f04]" started-at="2023-08-17T11:54:36 MESZ" name="failure_setup" finished-at="2023-08-17T11:54:36 MESZ" duration-ms="5" status="PASS">
          <params>
            <param index="0">
              <value>
                <![CDATA[[TestResult name=test_method status=SUCCESS method=OpenInverso.test_method()[pri:0, instance:com.inverso.dmy.test.OpenInverso@14fc5f04] output=Screenshot at C:\Users\danny\git\seleniumtests\seleniumtests\screenshots\screen1.jpg]]]>
              </value>
            </param>
            <param index="1">
              <value>
                <![CDATA[chrome_headless]]>
              </value>
            </param>
          </params>
          <reporter-output>
          </reporter-output>
        </test-method> <!-- failure_setup -->
      </class> <!-- com.inverso.dmy.test.OpenInverso -->
    </test> <!-- test mit chrome -->
  </suite> <!-- Suite für Browser Chrome, Firefox, Edge -->
</testng-results>
